%!Adobe-FontList 1.14
%Locale:0x416

%BeginFont
Handler:DirectoryHandler
FontType:TrueType
FontName:Arial-ItalicMT
FamilyName:Arial
StyleName:Italic
FullName:Arial Italic
MenuName:Arial
StyleBits:1
WritingScript:Roman
OutlineFileName:C:\Kalinka\Livroseprojetos\Dobytchin Leonid Ivanovitch\layout\capa1 Folder\Document fonts\ariali.ttf
DataFormat:sfntData
FileLength:555884
FileModTime:1295217124
WeightClass:400
WidthClass:5
AngleClass:1
%EndFont

%BeginFont
Handler:DirectoryHandler
FontType:TrueType
FontName:TimesNewRomanPSMT
FamilyName:Times New Roman
StyleName:Regular
FullName:Times New Roman
MenuName:Times New Roman
StyleBits:0
WritingScript:Roman
OutlineFileName:C:\Kalinka\Livroseprojetos\Dobytchin Leonid Ivanovitch\layout\capa1 Folder\Document fonts\times.ttf
DataFormat:sfntData
FileLength:834240
FileModTime:1288918838
WeightClass:400
WidthClass:5
AngleClass:0
%EndFont

%BeginFont
Handler:DirectoryHandler
FontType:Type1
FontName:Weiss-Italic
FamilyName:Weiss
StyleName:Italic
FullName:Weiss Italic
MenuName:Weiss
StyleBits:1
WritingScript:Roman
OutlineFileName:C:\Kalinka\Livroseprojetos\Dobytchin Leonid Ivanovitch\layout\capa1 Folder\Document fonts\WEI____.PFB
DataFormat:Plain
UsesStandardEncoding:yes
isCFF:no
FileLength:48877
FileModTime:645390860
WeightClass:400
WidthClass:5
AngleClass:1
DesignSize:-1
%EndFont

%BeginFont
Handler:DirectoryHandler
FontType:PFM
FontName:Weiss-Italic
NumMMAxes:0
OutlineFileName:C:\Kalinka\Livroseprojetos\Dobytchin Leonid Ivanovitch\layout\capa1 Folder\Document fonts\WEI____.PFM
FileLength:1139
FileModTime:788076060
%EndFont

%BeginFont
Handler:DirectoryHandler
FontType:Type1
FontName:Weiss
FamilyName:Weiss
StyleName:Medium
FullName:Weiss
MenuName:Weiss
StyleBits:0
WritingScript:Roman
OutlineFileName:C:\Kalinka\Livroseprojetos\Dobytchin Leonid Ivanovitch\layout\capa1 Folder\Document fonts\WE_____.PFB
DataFormat:Plain
UsesStandardEncoding:yes
isCFF:no
FileLength:49071
FileModTime:645390846
WeightClass:400
WidthClass:5
AngleClass:0
DesignSize:-1
%EndFont

%BeginFont
Handler:DirectoryHandler
FontType:PFM
FontName:Weiss
NumMMAxes:0
OutlineFileName:C:\Kalinka\Livroseprojetos\Dobytchin Leonid Ivanovitch\layout\capa1 Folder\Document fonts\WE_____.PFM
FileLength:1132
FileModTime:788076060
%EndFont

%BeginFont
Handler:DirectoryHandler
FontType:Type1
FontName:Myriad-Bold
FamilyName:Myriad
StyleName:Bold
FullName:Myriad Bold
MenuName:Myriad Roman
StyleBits:2
WritingScript:Roman
OutlineFileName:C:\Kalinka\Livroseprojetos\Dobytchin Leonid Ivanovitch\layout\capa1 Folder\Document fonts\WMB____.PFB
DataFormat:Plain
UsesStandardEncoding:yes
isCFF:no
FileLength:31784
FileModTime:777037620
WeightClass:700
WidthClass:5
AngleClass:0
DesignSize:-1
%EndFont

%BeginFont
Handler:DirectoryHandler
FontType:PFM
FontName:Myriad-Bold
NumMMAxes:0
OutlineFileName:C:\Kalinka\Livroseprojetos\Dobytchin Leonid Ivanovitch\layout\capa1 Folder\Document fonts\WMB____.PFM
FileLength:4073
FileModTime:788065260
%EndFont

%BeginFont
Handler:DirectoryHandler
FontType:Type1
FontName:Myriad-Roman
FamilyName:Myriad
StyleName:Roman
FullName:Myriad Roman
MenuName:Myriad Roman
StyleBits:0
WritingScript:Roman
OutlineFileName:C:\Kalinka\Livroseprojetos\Dobytchin Leonid Ivanovitch\layout\capa1 Folder\Document fonts\WMR____.PFB
DataFormat:Plain
UsesStandardEncoding:yes
isCFF:no
FileLength:30303
FileModTime:777037620
WeightClass:400
WidthClass:5
AngleClass:0
DesignSize:-1
%EndFont

%BeginFont
Handler:DirectoryHandler
FontType:PFM
FontName:Myriad-Roman
NumMMAxes:0
OutlineFileName:C:\Kalinka\Livroseprojetos\Dobytchin Leonid Ivanovitch\layout\capa1 Folder\Document fonts\WMR____.PFM
FileLength:4106
FileModTime:788065260
%EndFont

